316
310
1
310
1
1
311
311
311
310
310
1
1
314
310
311
310
310
1
310
310
310
310
313
1
310
1
1
310
8
1
312
310
310
3
1
310
310
1
313
313
6
3
2
1
3
2
1
310
312
314
310
1
311
314
310
1
3
2
1
312
313
310
1
310
314
2
2
315
310
310
310
310
312
1
319
310
310
319
4
311
1
1
1
313
310
310
310
310
1
321
7
315
312
310
310
1
310
2
1
310
310
1
314
310
310
310
1
1
4
1
316
310
8
2
311
1
313
310
310
3
8
310
312
310
310
325
311
311
310
311
1
6
1
312
310
312
310
310
1
1
316
310
311
311
324
3
310
310
310
4
312
310
310
322
310
310
310
310
1
2
2
310
1
5
310
310
3
3
310
314
311
310
314
1
311
310
312
311
3
314
1
1
5
310
1
310
2
328
311
310
314
310
310
323
4
310
310
1
310
11
1
1
310
4
313
1
310
310
310
311
1
4
310
310
6
310
310
2
310
1
310
311
310
310
310
1
2
8
310
313
310
3
311
338
310
312
1
311
1
312
6
3
312
310
7
311
310
7
310
310
1
312
310
310
310
1
311
1
1
1
1
310
3
310
2
1
310
317
310
1
313
4
310
312
1
310
1
1
320
311
313
1
1
312
314
310
310
2
1
310
1
310
1
310
310
310
7
318
1
311
1
3
2
312
2
310
312
311
310
312
310
311
310
310
310
310
1
1
313
310
1
1
1
310
1
3
310
3
5
310
310
3
310
316
1
310
7
316
311
310
310
310
310
310
311
313
311
310
1
310
1
310
310
312
1
310
311
2
1
1
3
324
1
311
310
1
310
4
312
310
4
311
2
2
9
310
311
311
327
310
312
310
